\BOOKMARK [0][-]{section*.1}{\315ndice de s\355mbolos}{}
\BOOKMARK [0][-]{section*.3}{\315ndice de contenidos}{}
\BOOKMARK [0][-]{section*.5}{\315ndice de figuras}{}
\BOOKMARK [0][-]{section*.7}{\315ndice de tablas}{}
\BOOKMARK [0][-]{section*.9}{Resumen}{}
\BOOKMARK [0][-]{section*.11}{Abstract}{}
\BOOKMARK [0][-]{chapter.1}{Uso del estilo provisto}{}
\BOOKMARK [1][-]{section.1.1}{Opciones que acepta el estilo}{chapter.1}
\BOOKMARK [1][-]{section.1.2}{Par\341metros convenientes}{chapter.1}
\BOOKMARK [0][-]{chapter.2}{T\355tulo del Cap\355tulo 2}{}
\BOOKMARK [1][-]{section.2.1}{Formulaci\363n del problema}{chapter.2}
\BOOKMARK [1][-]{section.2.2}{Interpretaciones}{chapter.2}
\BOOKMARK [0][-]{chapter.3}{otr}{}
\BOOKMARK [1][-]{section.3.1}{Secci\363n 1}{chapter.3}
\BOOKMARK [1][-]{section.3.2}{otra}{chapter.3}
\BOOKMARK [1][-]{section.3.3}{una}{chapter.3}
\BOOKMARK [1][-]{section.3.4}{dos}{chapter.3}
\BOOKMARK [1][-]{section.3.5}{tres}{chapter.3}
\BOOKMARK [0][-]{chapter.4}{cuatro}{}
\BOOKMARK [1][-]{section.4.1}{una}{chapter.4}
\BOOKMARK [1][-]{section.4.2}{otra mas}{chapter.4}
\BOOKMARK [0][-]{appendix.A}{Ejemplo de ap\351ndice: El problema de la medida}{}
\BOOKMARK [0][-]{section*.20}{Bibliograf\355a}{}
\BOOKMARK [0][-]{section*.21}{Publicaciones asociadas}{}
\BOOKMARK [0][-]{section*.23}{Agradecimientos}{}
